<?xml version="1.0" encoding="UTF-8"?>
<testng-results ignored="0" total="1" passed="1" failed="0" skipped="0">
  <reporter-output>
  </reporter-output>
  <suite started-at="2024-06-17T15:37:11 IST" name="Default suite" finished-at="2024-06-17T15:38:21 IST" duration-ms="69713">
    <groups>
    </groups>
    <test started-at="2024-06-17T15:37:11 IST" name="Default test" finished-at="2024-06-17T15:38:21 IST" duration-ms="69713">
      <class name="MavenProject.Maven001.SearchProduct_addPromocode">
        <test-method signature="searchproduct_addpromocode()[pri:0, instance:MavenProject.Maven001.SearchProduct_addPromocode@56cdfb3b]" started-at="2024-06-17T15:37:11 IST" name="searchproduct_addpromocode" finished-at="2024-06-17T15:38:21 IST" duration-ms="69389" status="PASS">
          <reporter-output>
          </reporter-output>
        </test-method> <!-- searchproduct_addpromocode -->
      </class> <!-- MavenProject.Maven001.SearchProduct_addPromocode -->
    </test> <!-- Default test -->
  </suite> <!-- Default suite -->
</testng-results>
